[31-Oct-2017 18:31:23 UTC] PHP Fatal error:  Class 'C1_Controller' not found in /home/ubuntu/workspace/ci/application/controllers/Aluno.php on line 4
[31-Oct-2017 18:31:23 UTC] PHP Stack trace:
[31-Oct-2017 18:31:23 UTC] PHP   1. {main}() /home/ubuntu/workspace/ci/index.php:0
[31-Oct-2017 18:31:23 UTC] PHP   2. require_once() /home/ubuntu/workspace/ci/index.php:315
[31-Oct-2017 18:31:23 UTC] PHP   3. require_once() /home/ubuntu/workspace/ci/system/core/CodeIgniter.php:411
[31-Oct-2017 19:52:15 UTC] PHP Fatal error:  Class Aluna contains 2 abstract methods and must therefore be declared abstract or implement the remaining methods (Serializable::serialize, Serializable::unserialize) in /home/ubuntu/workspace/ci/application/models/aluno.php on line 39
[31-Oct-2017 19:52:15 UTC] PHP Stack trace:
[31-Oct-2017 19:52:15 UTC] PHP   1. {main}() /home/ubuntu/workspace/ci/index.php:0
[31-Oct-2017 19:52:15 UTC] PHP   2. require_once() /home/ubuntu/workspace/ci/index.php:315
[31-Oct-2017 19:52:15 UTC] PHP   3. call_user_func_array:{/home/ubuntu/workspace/ci/system/core/CodeIgniter.php:532}() /home/ubuntu/workspace/ci/system/core/CodeIgniter.php:532
[31-Oct-2017 19:52:15 UTC] PHP   4. Aluno->cadastrar() /home/ubuntu/workspace/ci/system/core/CodeIgniter.php:532
[31-Oct-2017 19:52:15 UTC] PHP   5. require_once() /home/ubuntu/workspace/ci/application/controllers/Aluno.php:19
[07-Nov-2017 16:35:32 UTC] PHP Fatal error:  Class 'AlunoModel' not found in /home/ubuntu/workspace/ci/application/controllers/Aluno.php on line 19
[07-Nov-2017 16:35:32 UTC] PHP Stack trace:
[07-Nov-2017 16:35:32 UTC] PHP   1. {main}() /home/ubuntu/workspace/ci/index.php:0
[07-Nov-2017 16:35:32 UTC] PHP   2. require_once() /home/ubuntu/workspace/ci/index.php:315
[07-Nov-2017 16:35:32 UTC] PHP   3. call_user_func_array:{/home/ubuntu/workspace/ci/system/core/CodeIgniter.php:532}() /home/ubuntu/workspace/ci/system/core/CodeIgniter.php:532
[07-Nov-2017 16:35:32 UTC] PHP   4. Aluno->cadastrar() /home/ubuntu/workspace/ci/system/core/CodeIgniter.php:532
[07-Nov-2017 18:09:28 UTC] PHP Fatal error:  Cannot use isset() on the result of a function call (you can use "null !== func()" instead) in /home/ubuntu/workspace/ci/application/controllers/Usuario.php on line 7
[07-Nov-2017 18:09:28 UTC] PHP Stack trace:
[07-Nov-2017 18:09:28 UTC] PHP   1. {main}() /home/ubuntu/workspace/ci/index.php:0
[07-Nov-2017 18:09:28 UTC] PHP   2. require_once() /home/ubuntu/workspace/ci/index.php:315
[07-Nov-2017 18:10:06 UTC] PHP Parse error:  syntax error, unexpected 'if' (T_IF) in /home/ubuntu/workspace/ci/application/controllers/Login.php on line 17
[07-Nov-2017 18:10:06 UTC] PHP Stack trace:
[07-Nov-2017 18:10:06 UTC] PHP   1. {main}() /home/ubuntu/workspace/ci/index.php:0
[07-Nov-2017 18:10:06 UTC] PHP   2. require_once() /home/ubuntu/workspace/ci/index.php:315
